<?xml version="1.0" encoding="UTF-8"?>
<testng-results skipped="0" failed="0" ignored="0" total="1" passed="1">
  <reporter-output>
  </reporter-output>
  <suite name="Default suite" duration-ms="3974" started-at="2021-07-10T17:51:15 IST" finished-at="2021-07-10T17:51:19 IST">
    <groups>
    </groups>
    <test name="Default test" duration-ms="3974" started-at="2021-07-10T17:51:15 IST" finished-at="2021-07-10T17:51:19 IST">
      <class name="com.tests.GetAPITest">
        <test-method status="PASS" signature="setUp()[pri:0, instance:com.tests.GetAPITest@10bbd20a]" name="setUp" is-config="true" duration-ms="6" started-at="2021-07-10T17:51:15 IST" finished-at="2021-07-10T17:51:15 IST">
          <reporter-output>
          </reporter-output>
        </test-method> <!-- setUp -->
        <test-method status="PASS" signature="getAPITest()[pri:0, instance:com.tests.GetAPITest@10bbd20a]" name="getAPITest" duration-ms="3895" started-at="2021-07-10T17:51:15 IST" finished-at="2021-07-10T17:51:19 IST">
          <reporter-output>
          </reporter-output>
        </test-method> <!-- getAPITest -->
      </class> <!-- com.tests.GetAPITest -->
    </test> <!-- Default test -->
  </suite> <!-- Default suite -->
</testng-results>
